SF:lib\core\utils\validators.dart
DA:4,3
DA:9,3
DA:10,3
DA:11,3
DA:15,1
DA:16,1
DA:20,2
DA:24,2
DA:34,1
DA:35,1
DA:39,2
DA:43,2
DA:47,2
DA:51,2
DA:61,1
DA:62,1
DA:66,1
DA:68,2
DA:72,2
DA:80,1
DA:81,2
DA:82,1
DA:88,1
DA:93,1
DA:94,1
DA:97,2
DA:98,1
DA:105,1
DA:112,2
DA:113,1
DA:120,1
DA:123,1
DA:124,2
DA:125,1
LF:34
LH:34
end_of_record
SF:lib\data\repositories\auth_repository.dart
DA:12,1
DA:14,4
DA:16,4
DA:18,1
DA:23,3
DA:28,1
DA:29,0
DA:32,2
DA:37,1
DA:42,3
DA:47,1
DA:48,0
DA:51,2
DA:56,1
DA:58,3
DA:64,1
DA:66,3
DA:67,1
DA:68,0
DA:71,2
DA:76,0
DA:78,0
DA:81,0
DA:82,0
DA:84,0
DA:87,0
DA:88,0
DA:92,0
DA:93,0
DA:94,0
DA:95,0
DA:96,0
DA:97,0
DA:104,0
DA:105,0
DA:107,0
DA:112,0
DA:113,0
DA:116,0
LF:39
LH:17
end_of_record
SF:lib\core\entities\journal_entry.dart
DA:9,0
DA:10,0
DA:11,0
DA:13,0
DA:15,0
DA:22,0
DA:24,0
DA:26,0
DA:28,0
DA:30,0
DA:46,1
DA:57,0
DA:58,0
DA:59,0
DA:60,0
DA:61,0
DA:62,0
DA:63,0
DA:65,0
DA:66,0
DA:68,0
DA:69,0
DA:71,0
DA:72,0
DA:73,0
DA:78,0
DA:79,0
DA:80,0
DA:81,0
DA:82,0
DA:83,0
DA:84,0
DA:85,0
DA:86,0
DA:87,0
DA:91,0
DA:101,0
DA:102,0
DA:103,0
DA:104,0
DA:105,0
DA:106,0
DA:107,0
DA:108,0
DA:109,0
DA:113,1
DA:114,9
LF:47
LH:3
end_of_record
SF:lib\core\config\env_config.dart
DA:4,0
DA:5,0
DA:6,4
DA:9,0
DA:11,0
DA:14,1
DA:15,2
DA:18,0
DA:19,0
DA:20,0
DA:22,0
DA:23,0
DA:25,0
DA:26,0
LF:14
LH:3
end_of_record
SF:lib\core\entities\paginated_journal_entries.dart
DA:14,0
DA:25,0
DA:28,0
DA:31,0
DA:34,0
DA:36,0
DA:37,0
DA:38,0
DA:39,0
DA:40,0
DA:41,0
DA:42,0
DA:43,0
DA:44,0
DA:47,0
DA:49,0
DA:50,0
LF:17
LH:0
end_of_record
SF:lib\core\theme\app_theme.dart
DA:21,0
DA:25,0
DA:33,0
DA:36,0
DA:37,0
DA:43,0
DA:44,0
DA:45,0
DA:50,0
DA:55,0
DA:60,0
DA:65,0
DA:70,0
DA:71,0
DA:75,0
DA:76,0
DA:79,0
DA:80,0
DA:83,0
DA:86,0
DA:88,0
LF:21
LH:0
end_of_record
SF:lib\core\widgets\dashed_border_container.dart
DA:11,0
DA:21,0
DA:23,0
DA:24,0
DA:25,0
DA:26,0
DA:27,0
DA:28,0
DA:29,0
DA:31,0
DA:43,0
DA:51,0
DA:53,0
DA:54,0
DA:55,0
DA:56,0
DA:58,0
DA:61,0
DA:62,0
DA:63,0
DA:66,0
DA:69,0
DA:72,0
DA:73,0
DA:75,0
DA:79,0
DA:80,0
DA:81,0
DA:83,0
DA:84,0
DA:92,0
DA:93,0
DA:98,0
DA:103,0
DA:106,0
DA:108,0
DA:109,0
DA:110,0
DA:111,0
DA:112,0
LF:40
LH:0
end_of_record
SF:lib\core\widgets\journal_entry_card.dart
DA:13,0
DA:15,0
DA:16,0
DA:17,0
DA:19,0
DA:21,0
DA:29,0
DA:30,0
DA:31,0
DA:33,0
DA:35,0
DA:43,0
DA:45,0
DA:46,0
DA:48,0
DA:49,0
DA:51,0
DA:53,0
DA:54,0
DA:55,0
DA:56,0
DA:57,0
DA:58,0
DA:62,0
DA:63,0
DA:65,0
DA:67,0
DA:68,0
DA:71,0
DA:72,0
DA:73,0
DA:75,0
DA:78,0
DA:79,0
DA:81,0
DA:82,0
DA:84,0
DA:85,0
DA:87,0
DA:88,0
DA:96,0
DA:98,0
DA:99,0
DA:100,0
DA:109,0
DA:110,0
DA:111,0
LF:47
LH:0
end_of_record
SF:lib\features\journal\bloc\journal_bloc.dart
DA:14,2
DA:15,2
DA:16,2
DA:17,2
DA:18,2
DA:19,2
DA:20,2
DA:21,2
DA:24,1
DA:28,1
DA:29,1
DA:31,2
DA:33,1
DA:34,1
DA:35,1
DA:37,3
DA:38,2
DA:41,2
DA:42,4
DA:46,1
DA:50,1
DA:52,2
DA:54,1
DA:55,0
DA:56,0
DA:58,3
DA:59,2
DA:62,0
DA:63,0
DA:67,1
DA:71,1
DA:74,2
DA:75,1
DA:78,2
DA:81,3
DA:84,1
DA:86,4
DA:90,0
DA:94,0
DA:95,0
DA:96,0
DA:97,0
DA:100,0
DA:101,0
DA:102,0
DA:106,0
DA:107,0
DA:108,0
DA:109,0
DA:110,0
DA:111,0
DA:112,0
DA:116,0
DA:117,0
DA:120,0
DA:122,0
DA:123,0
DA:127,1
DA:130,2
DA:133,0
DA:135,0
DA:136,0
DA:137,0
DA:144,0
DA:148,0
DA:149,0
DA:151,0
DA:152,0
DA:153,0
DA:156,0
DA:157,0
DA:159,0
DA:160,0
DA:164,1
DA:168,3
DA:170,3
DA:172,0
DA:173,0
DA:175,2
DA:176,4
DA:180,0
DA:185,0
DA:186,0
DA:187,0
DA:188,0
DA:189,0
DA:192,0
DA:194,0
DA:198,1
DA:199,1
DA:201,1
DA:203,1
LF:92
LH:44
end_of_record
SF:lib\main.dart
DA:17,0
DA:18,0
DA:20,0
DA:21,0
DA:23,0
DA:24,0
DA:25,0
DA:28,0
DA:31,0
DA:34,4
DA:36,0
DA:38,0
DA:39,0
DA:40,0
DA:41,0
DA:42,0
DA:44,0
DA:45,0
DA:46,0
DA:47,0
DA:49,0
DA:50,0
DA:51,0
DA:52,0
DA:56,0
DA:59,0
DA:69,8
DA:71,0
DA:72,0
DA:76,0
DA:78,0
DA:79,0
DA:82,0
DA:83,0
DA:85,0
DA:87,0
DA:89,0
DA:90,0
DA:91,0
DA:94,0
DA:96,0
DA:98,0
DA:99,0
DA:101,0
DA:102,0
DA:108,0
DA:117,4
DA:119,0
DA:121,0
DA:122,0
DA:123,0
DA:125,0
DA:126,0
DA:129,0
DA:131,0
LF:55
LH:3
end_of_record
SF:lib\data\repositories\journal_repository.dart
DA:18,0
DA:26,0
DA:34,0
DA:35,0
DA:37,0
DA:39,0
DA:40,0
DA:41,0
DA:42,0
DA:43,0
DA:46,0
DA:47,0
DA:49,0
DA:52,0
DA:53,0
DA:56,0
DA:63,0
DA:67,0
DA:68,0
DA:69,0
DA:70,0
DA:71,0
DA:72,0
DA:76,0
DA:80,0
DA:81,0
DA:82,0
DA:83,0
DA:85,0
DA:88,0
DA:89,0
DA:91,0
DA:94,0
DA:95,0
DA:98,0
DA:105,0
DA:110,0
DA:111,0
DA:112,0
DA:115,0
DA:116,0
DA:117,0
DA:120,0
DA:121,0
DA:122,0
DA:124,0
DA:130,0
DA:131,0
DA:134,0
DA:140,0
DA:141,0
DA:142,0
DA:143,0
DA:146,0
DA:148,0
DA:149,0
DA:150,0
DA:151,0
DA:152,0
DA:154,0
DA:155,0
DA:156,0
DA:159,0
DA:164,0
DA:169,0
DA:171,0
DA:174,0
DA:176,0
DA:177,0
DA:178,0
DA:183,0
DA:184,0
DA:187,0
DA:189,0
DA:191,0
DA:192,0
DA:193,0
DA:196,0
DA:201,0
DA:209,0
DA:210,0
DA:211,0
DA:212,0
DA:213,0
DA:215,0
DA:216,0
DA:219,0
DA:220,0
DA:221,0
DA:222,0
DA:223,0
DA:224,0
DA:226,0
DA:227,0
DA:228,0
DA:231,0
DA:236,0
DA:238,0
DA:240,0
DA:243,0
DA:245,0
DA:246,0
DA:247,0
DA:250,0
DA:255,0
DA:256,0
DA:257,0
DA:258,0
DA:259,0
DA:260,0
DA:261,0
LF:111
LH:0
end_of_record
SF:lib\data\services\sentiment_service.dart
DA:27,1
DA:28,2
DA:30,1
DA:35,1
DA:38,1
DA:39,2
DA:40,2
DA:43,2
DA:44,1
DA:45,1
DA:52,1
DA:53,1
DA:54,3
DA:55,1
DA:56,1
DA:57,3
DA:58,1
DA:61,2
DA:65,1
DA:66,2
DA:69,1
DA:70,1
DA:71,2
DA:72,1
DA:73,2
DA:78,1
DA:79,1
DA:82,3
DA:83,0
DA:86,2
DA:87,4
DA:91,1
DA:92,2
DA:93,1
DA:96,1
DA:98,1
DA:100,3
DA:101,1
DA:106,1
DA:124,1
DA:126,2
DA:129,1
DA:130,1
DA:131,1
DA:132,0
DA:135,0
DA:136,0
DA:139,0
DA:141,0
DA:142,1
DA:143,0
DA:146,2
DA:196,1
DA:197,1
DA:200,1
DA:201,3
DA:203,3
DA:204,1
DA:205,1
DA:208,1
DA:213,1
DA:219,1
DA:242,1
DA:244,1
DA:245,2
DA:248,1
DA:249,1
DA:250,1
DA:251,0
DA:254,0
DA:255,0
DA:258,0
DA:261,0
DA:263,0
DA:264,0
DA:265,0
DA:268,0
DA:269,0
DA:273,0
DA:275,0
DA:276,0
DA:277,0
DA:279,0
DA:280,0
DA:281,0
DA:282,0
DA:285,0
DA:286,0
DA:287,0
DA:288,0
DA:291,0
DA:294,1
DA:295,0
DA:296,0
DA:300,0
DA:301,0
DA:303,0
DA:304,0
DA:308,0
DA:312,0
DA:313,0
DA:316,0
DA:320,2
DA:321,1
DA:325,1
DA:326,1
DA:328,1
DA:331,1
DA:334,2
DA:337,1
DA:341,0
DA:342,0
DA:345,0
DA:348,0
DA:354,1
DA:356,1
DA:358,1
DA:360,1
DA:362,1
DA:367,1
DA:369,1
DA:370,0
DA:371,1
DA:372,0
DA:373,1
DA:374,0
DA:375,1
DA:376,1
LF:128
LH:81
end_of_record
SF:lib\features\auth\bloc\auth_bloc.dart
DA:11,2
DA:12,2
DA:13,2
DA:14,2
DA:15,2
DA:16,2
DA:19,1
DA:23,1
DA:24,2
DA:26,3
DA:27,2
DA:29,1
DA:30,1
DA:34,0
DA:38,0
DA:39,0
DA:41,0
DA:42,0
DA:43,0
DA:46,0
DA:47,0
DA:48,0
DA:49,0
DA:51,0
DA:52,0
DA:55,0
DA:56,0
DA:60,1
DA:64,3
DA:65,1
DA:67,2
DA:68,1
DA:69,1
DA:72,1
DA:73,3
DA:74,3
DA:76,0
DA:77,0
DA:80,2
DA:81,4
DA:85,1
DA:89,1
DA:90,1
DA:92,2
DA:93,1
DA:94,1
DA:96,0
DA:97,0
DA:101,0
DA:105,0
DA:106,0
DA:108,0
DA:110,0
DA:111,0
DA:112,0
DA:114,0
DA:115,0
DA:118,0
DA:119,0
DA:123,1
DA:124,1
DA:126,1
DA:128,1
DA:130,1
DA:132,3
LF:65
LH:36
end_of_record
SF:lib\features\auth\bloc\auth_event.dart
DA:4,13
DA:6,0
DA:7,0
DA:14,0
DA:19,0
DA:20,0
DA:27,1
DA:32,0
DA:33,0
DA:37,5
DA:41,5
DA:45,4
LF:12
LH:5
end_of_record
SF:lib\features\auth\bloc\auth_state.dart
DA:5,6
DA:7,1
DA:8,1
DA:12,5
DA:16,5
DA:22,1
DA:24,1
DA:25,2
DA:29,5
DA:35,5
DA:37,1
DA:38,2
DA:44,4
DA:46,0
DA:47,0
LF:15
LH:13
end_of_record
SF:lib\features\auth\presentation\login_page.dart
DA:15,4
DA:17,0
DA:18,0
DA:27,0
DA:29,0
DA:30,0
DA:31,0
DA:34,0
DA:35,0
DA:36,0
DA:37,0
DA:39,0
DA:40,0
DA:41,0
DA:42,0
DA:46,0
DA:50,0
DA:51,0
DA:52,0
DA:55,0
DA:57,0
DA:59,0
DA:60,0
DA:61,0
DA:62,0
DA:63,0
DA:64,0
DA:65,0
DA:66,0
DA:69,0
DA:70,0
DA:71,0
DA:77,0
DA:80,0
DA:81,0
DA:85,0
DA:86,0
DA:87,0
DA:88,0
DA:89,0
DA:90,0
DA:93,0
DA:94,0
DA:95,0
DA:101,0
DA:104,0
DA:105,0
DA:111,0
DA:113,0
DA:114,0
DA:115,0
DA:117,0
DA:118,0
DA:119,0
DA:120,0
DA:121,0
DA:123,0
DA:129,0
DA:135,0
DA:136,0
DA:138,0
DA:139,0
DA:141,0
DA:142,0
DA:143,0
DA:145,0
DA:147,0
DA:148,0
DA:155,0
DA:157,0
DA:165,0
DA:167,0
DA:174,0
DA:175,0
DA:177,0
DA:178,0
DA:180,0
DA:181,0
DA:186,0
DA:187,0
DA:188,0
DA:190,0
DA:191,0
DA:192,0
DA:194,0
DA:195,0
DA:196,0
DA:206,0
DA:207,0
DA:210,0
DA:218,0
DA:220,0
DA:227,0
DA:228,0
DA:229,0
DA:230,0
DA:231,0
DA:233,0
DA:234,0
DA:239,0
DA:240,0
DA:241,0
DA:243,0
DA:244,0
DA:245,0
DA:247,0
DA:248,0
DA:249,0
DA:258,0
DA:259,0
DA:260,0
DA:265,0
DA:266,0
DA:267,0
DA:272,0
DA:273,0
DA:276,0
DA:284,0
DA:286,0
DA:287,0
DA:288,0
DA:290,0
DA:293,0
DA:295,0
DA:296,0
DA:303,0
DA:305,0
DA:306,0
DA:307,0
DA:311,0
DA:312,0
DA:324,0
DA:326,0
DA:334,0
DA:335,0
DA:336,0
DA:337,0
DA:339,0
DA:341,0
DA:342,0
DA:348,0
DA:352,0
DA:354,0
DA:355,0
DA:356,0
DA:358,0
DA:359,0
DA:360,0
DA:363,0
DA:368,0
DA:370,0
DA:379,0
DA:380,0
DA:383,0
DA:384,0
DA:385,0
DA:386,0
DA:387,0
DA:393,0
DA:394,0
DA:395,0
DA:397,0
DA:399,0
DA:400,0
DA:401,0
DA:403,0
LF:166
LH:1
end_of_record
SF:lib\features\home\presentation\home_page.dart
DA:14,16
DA:16,0
DA:17,0
DA:23,0
DA:25,0
DA:26,0
DA:29,0
DA:30,0
DA:33,0
DA:34,0
DA:36,0
DA:38,0
DA:39,0
DA:40,0
DA:41,0
DA:46,0
DA:48,0
DA:49,0
DA:50,0
DA:51,0
DA:59,0
DA:61,0
DA:62,0
DA:63,0
DA:64,0
DA:65,0
DA:66,0
DA:67,0
DA:68,0
DA:72,0
DA:73,0
DA:74,0
DA:81,0
DA:82,0
DA:83,0
DA:84,0
DA:88,0
DA:89,0
DA:90,0
DA:92,0
DA:93,0
DA:98,0
DA:103,0
DA:105,0
DA:106,0
DA:109,0
DA:114,0
DA:123,0
DA:125,0
DA:140,0
DA:141,0
DA:142,0
DA:144,0
DA:149,0
DA:150,0
DA:151,0
DA:152,0
DA:154,0
DA:156,0
DA:157,0
DA:158,0
DA:159,0
DA:160,0
DA:174,0
DA:175,0
DA:176,0
DA:177,0
DA:178,0
DA:179,0
DA:188,0
DA:189,0
DA:191,0
DA:192,0
DA:195,0
DA:198,0
DA:200,0
DA:202,0
DA:203,0
DA:207,0
DA:209,0
DA:213,0
DA:215,0
DA:219,0
DA:230,0
DA:236,0
DA:237,0
DA:239,0
DA:241,0
DA:242,0
DA:250,0
DA:252,0
LF:91
LH:1
end_of_record
SF:lib\features\auth\presentation\register_page.dart
DA:14,4
DA:16,0
DA:17,0
DA:28,0
DA:30,0
DA:31,0
DA:32,0
DA:33,0
DA:36,0
DA:37,0
DA:38,0
DA:39,0
DA:41,0
DA:42,0
DA:43,0
DA:44,0
DA:48,0
DA:52,0
DA:54,0
DA:56,0
DA:59,0
DA:60,0
DA:61,0
DA:64,0
DA:65,0
DA:66,0
DA:67,0
DA:68,0
DA:69,0
DA:70,0
DA:71,0
DA:74,0
DA:75,0
DA:76,0
DA:82,0
DA:85,0
DA:86,0
DA:90,0
DA:91,0
DA:92,0
DA:93,0
DA:94,0
DA:95,0
DA:98,0
DA:99,0
DA:100,0
DA:106,0
DA:109,0
DA:110,0
DA:114,0
DA:115,0
DA:118,0
DA:120,0
DA:121,0
DA:122,0
DA:124,0
DA:125,0
DA:126,0
DA:127,0
DA:128,0
DA:130,0
DA:136,0
DA:142,0
DA:143,0
DA:145,0
DA:146,0
DA:148,0
DA:149,0
DA:150,0
DA:152,0
DA:154,0
DA:155,0
DA:162,0
DA:164,0
DA:172,0
DA:174,0
DA:181,0
DA:182,0
DA:184,0
DA:185,0
DA:187,0
DA:188,0
DA:193,0
DA:194,0
DA:195,0
DA:197,0
DA:198,0
DA:199,0
DA:201,0
DA:202,0
DA:203,0
DA:213,0
DA:214,0
DA:217,0
DA:225,0
DA:227,0
DA:234,0
DA:235,0
DA:236,0
DA:237,0
DA:238,0
DA:240,0
DA:241,0
DA:246,0
DA:247,0
DA:248,0
DA:250,0
DA:251,0
DA:252,0
DA:254,0
DA:255,0
DA:256,0
DA:265,0
DA:266,0
DA:267,0
DA:272,0
DA:273,0
DA:274,0
DA:279,0
DA:280,0
DA:283,0
DA:291,0
DA:293,0
DA:300,0
DA:301,0
DA:302,0
DA:303,0
DA:304,0
DA:306,0
DA:307,0
DA:312,0
DA:313,0
DA:314,0
DA:316,0
DA:317,0
DA:318,0
DA:320,0
DA:321,0
DA:322,0
DA:331,0
DA:332,0
DA:333,0
DA:338,0
DA:339,0
DA:340,0
DA:341,0
DA:346,0
DA:347,0
DA:350,0
DA:358,0
DA:360,0
DA:361,0
DA:362,0
DA:366,0
DA:367,0
DA:379,0
DA:381,0
DA:389,0
DA:390,0
DA:393,0
DA:394,0
DA:396,0
DA:397,0
DA:398,0
DA:400,0
DA:402,0
DA:403,0
DA:404,0
DA:406,0
LF:169
LH:1
end_of_record
SF:lib\features\journal\bloc\journal_event.dart
DA:4,9
DA:6,0
DA:7,0
DA:11,5
DA:15,8
DA:21,1
DA:23,0
DA:24,0
DA:33,0
DA:40,0
DA:41,0
DA:48,0
DA:53,0
DA:54,0
DA:60,1
DA:62,0
DA:63,0
DA:72,0
DA:79,0
DA:80,0
LF:20
LH:5
end_of_record
SF:lib\features\journal\bloc\journal_state.dart
DA:5,6
DA:7,1
DA:8,1
DA:12,5
DA:16,5
DA:22,1
DA:24,1
DA:25,2
DA:29,5
DA:35,1
DA:37,1
DA:38,2
DA:44,1
DA:46,1
DA:47,2
DA:51,5
LF:16
LH:16
end_of_record
SF:lib\features\journal\presentation\new_entry_page.dart
DA:18,8
DA:20,0
DA:21,0
DA:35,0
DA:37,0
DA:39,0
DA:41,0
DA:42,0
DA:45,0
DA:46,0
DA:47,0
DA:51,0
DA:53,0
DA:54,0
DA:57,0
DA:58,0
DA:59,0
DA:68,0
DA:69,0
DA:70,0
DA:71,0
DA:72,0
DA:76,0
DA:77,0
DA:78,0
DA:81,0
DA:82,0
DA:83,0
DA:84,0
DA:85,0
DA:88,0
DA:89,0
DA:92,0
DA:93,0
DA:94,0
DA:95,0
DA:103,0
DA:104,0
DA:105,0
DA:106,0
DA:109,0
DA:110,0
DA:111,0
DA:112,0
DA:117,0
DA:118,0
DA:119,0
DA:120,0
DA:121,0
DA:122,0
DA:123,0
DA:124,0
DA:130,0
DA:132,0
DA:133,0
DA:134,0
DA:135,0
DA:136,0
DA:144,0
DA:147,0
DA:148,0
DA:149,0
DA:150,0
DA:151,0
DA:152,0
DA:159,0
DA:160,0
DA:162,0
DA:163,0
DA:164,0
DA:174,0
DA:175,0
DA:176,0
DA:179,0
DA:180,0
DA:181,0
DA:188,0
DA:189,0
DA:190,0
DA:192,0
DA:193,0
DA:195,0
DA:199,0
DA:200,0
DA:202,0
DA:203,0
DA:204,0
DA:205,0
DA:206,0
DA:207,0
DA:211,0
DA:212,0
DA:213,0
DA:215,0
DA:217,0
DA:225,0
DA:226,0
DA:227,0
DA:229,0
DA:231,0
DA:239,0
DA:241,0
DA:242,0
DA:244,0
DA:245,0
DA:246,0
DA:248,0
DA:250,0
DA:251,0
DA:252,0
DA:256,0
DA:257,0
DA:258,0
DA:259,0
DA:260,0
DA:261,0
DA:267,0
DA:268,0
DA:269,0
DA:270,0
DA:276,0
DA:277,0
DA:279,0
DA:280,0
DA:281,0
DA:282,0
DA:283,0
DA:284,0
DA:286,0
DA:287,0
DA:291,0
DA:296,0
DA:298,0
DA:299,0
DA:311,0
DA:312,0
DA:315,0
DA:320,0
DA:324,0
DA:326,0
DA:328,0
DA:329,0
DA:331,0
DA:332,0
DA:333,0
DA:334,0
DA:336,0
DA:341,0
DA:343,0
DA:354,0
DA:355,0
DA:358,0
DA:359,0
DA:360,0
DA:361,0
DA:363,0
DA:367,0
DA:368,0
DA:375,0
DA:376,0
DA:388,0
DA:389,0
DA:392,0
DA:393,0
DA:394,0
DA:397,0
DA:398,0
DA:403,0
DA:404,0
DA:407,0
DA:408,0
DA:411,0
DA:417,0
DA:419,0
DA:432,0
DA:433,0
DA:435,0
DA:437,0
DA:438,0
DA:441,0
DA:442,0
DA:443,0
DA:449,0
DA:451,0
DA:452,0
DA:453,0
DA:454,0
DA:455,0
DA:461,0
DA:463,0
DA:464,0
DA:465,0
DA:466,0
DA:471,0
DA:472,0
DA:477,0
DA:478,0
DA:480,0
DA:483,0
DA:484,0
DA:485,0
DA:487,0
DA:494,0
DA:495,0
DA:496,0
DA:498,0
DA:500,0
DA:501,0
DA:503,0
DA:505,0
DA:506,0
DA:507,0
DA:509,0
DA:510,0
DA:515,0
DA:517,0
DA:527,0
DA:528,0
DA:530,0
DA:531,0
DA:533,0
DA:534,0
DA:538,0
DA:539,0
DA:575,0
DA:577,0
DA:580,0
DA:581,0
DA:583,0
DA:584,0
DA:588,0
DA:589,0
DA:622,0
DA:623,0
DA:625,0
DA:626,0
DA:629,0
DA:632,0
DA:634,0
DA:636,0
DA:637,0
DA:641,0
DA:643,0
DA:647,0
DA:649,0
DA:653,0
DA:664,0
DA:665,0
DA:667,0
DA:669,0
DA:671,0
DA:672,0
DA:682,0
DA:688,0
DA:689,0
DA:691,0
DA:693,0
DA:694,0
DA:702,0
DA:704,0
LF:260
LH:1
end_of_record
SF:lib\features\profile\presentation\profile_page.dart
DA:18,8
DA:20,0
DA:21,0
DA:30,0
DA:32,0
DA:33,0
DA:36,0
DA:37,0
DA:38,0
DA:40,0
DA:41,0
DA:42,0
DA:43,0
DA:48,0
DA:49,0
DA:50,0
DA:51,0
DA:53,0
DA:54,0
DA:55,0
DA:56,0
DA:58,0
DA:61,0
DA:62,0
DA:64,0
DA:66,0
DA:67,0
DA:68,0
DA:69,0
DA:74,0
DA:76,0
DA:77,0
DA:78,0
DA:79,0
DA:87,0
DA:88,0
DA:90,0
DA:91,0
DA:92,0
DA:99,0
DA:100,0
DA:101,0
DA:102,0
DA:103,0
DA:105,0
DA:107,0
DA:110,0
DA:111,0
DA:112,0
DA:113,0
DA:114,0
DA:123,0
DA:125,0
DA:126,0
DA:127,0
DA:128,0
DA:130,0
DA:131,0
DA:132,0
DA:134,0
DA:135,0
DA:136,0
DA:137,0
DA:141,0
DA:142,0
DA:147,0
DA:149,0
DA:150,0
DA:152,0
DA:153,0
DA:155,0
DA:157,0
DA:160,0
DA:164,0
DA:165,0
DA:168,0
DA:170,0
DA:172,0
DA:174,0
DA:175,0
DA:178,0
DA:181,0
DA:184,0
DA:187,0
DA:190,0
DA:193,0
DA:196,0
DA:204,0
DA:205,0
DA:213,0
DA:214,0
DA:215,0
DA:221,0
DA:225,0
DA:226,0
DA:227,0
DA:228,0
DA:229,0
DA:235,0
DA:241,0
DA:246,0
DA:247,0
DA:249,0
DA:250,0
DA:253,0
DA:256,0
DA:261,0
DA:263,0
DA:264,0
DA:268,0
DA:270,0
DA:274,0
DA:276,0
DA:280,0
DA:292,0
DA:300,0
DA:301,0
DA:303,0
DA:305,0
DA:306,0
DA:307,0
DA:310,0
DA:313,0
DA:315,0
DA:317,0
DA:319,0
DA:321,0
DA:327,0
DA:337,0
DA:343,0
DA:344,0
DA:346,0
DA:348,0
DA:349,0
DA:357,0
DA:359,0
LF:136
LH:1
end_of_record
SF:lib\features\profile\presentation\privacy_policy_page.dart
DA:6,4
DA:8,0
DA:10,0
DA:12,0
DA:15,0
DA:17,0
DA:20,0
DA:22,0
DA:24,0
DA:26,0
DA:28,0
DA:35,0
DA:37,0
DA:42,0
DA:49,0
DA:54,0
DA:57,0
DA:60,0
DA:63,0
DA:69,0
DA:73,0
DA:74,0
DA:77,0
DA:78,0
DA:81,0
DA:87,0
DA:92,0
DA:93,0
DA:94,0
DA:95,0
DA:101,0
DA:106,0
DA:112,0
DA:118,0
DA:126,0
DA:130,0
DA:131,0
DA:132,0
DA:133,0
DA:134,0
DA:138,0
DA:145,0
DA:152,0
DA:159,0
DA:165,0
DA:168,0
DA:170,0
DA:171,0
DA:172,0
DA:176,0
DA:178,0
DA:179,0
DA:180,0
DA:181,0
DA:187,0
DA:189,0
DA:197,0
DA:199,0
DA:212,0
DA:213,0
DA:214,0
DA:215,0
DA:217,0
DA:223,0
DA:225,0
DA:242,0
DA:243,0
DA:245,0
DA:246,0
DA:248,0
DA:255,0
DA:257,0
DA:268,0
DA:269,0
DA:271,0
DA:273,0
DA:274,0
DA:278,0
DA:284,0
DA:285,0
DA:287,0
DA:299,0
DA:304,0
DA:307,0
DA:309,0
DA:311,0
DA:313,0
DA:314,0
DA:315,0
DA:316,0
DA:321,0
DA:322,0
DA:323,0
DA:325,0
DA:327,0
DA:337,0
DA:339,0
DA:342,0
DA:344,0
LF:99
LH:1
end_of_record
